res<?xml version="1.0" encoding="utf-8"?><testsuites name="pytest tests"><testsuite name="pytest" errors="0" failures="0" skipped="0" tests="8" time="1.689" timestamp="2025-11-04T14:06:29.349368+00:00" hostname="FaychdeMacBook-Air.local"><testcase classname="tests.test_fetch_top_models" name="test_extract_cover_url_basic" time="0.000" /><testcase classname="tests.test_fetch_top_models" name="test_extract_cover_url_missing" time="0.000" /><testcase classname="tests.test_fetch_top_models" name="test_extract_downloads_various" time="0.000" /><testcase classname="tests.test_fetch_top_models" name="test_extract_model_info_likes_and_updated" time="0.000" /><testcase classname="tests.test_fetch_top_models" name="test_build_search_body_with_task" time="0.000" /><testcase classname="tests.test_fetch_top_models" name="test_download_images_for_results_monkeypatch" time="0.001" /><testcase classname="tests.test_fetch_top_models" name="test_save_and_load_cache_roundtrip" time="0.000" /><testcase classname="tests.test_fetch_top_models" name="test_download_image_live" time="1.600" /></testsuite></testsuites>