<?xml version="1.0" encoding="utf-8"?><testsuites name="pytest tests"><testsuite name="pytest" errors="0" failures="0" skipped="0" tests="21" time="3.753" timestamp="2025-12-12T00:38:29.173330+00:00" hostname="FaychdeMacBook-Air.local"><testcase classname="tests.test_cache" name="test_save_and_load_cache_roundtrip" time="0.002" /><testcase classname="tests.test_fetch_top_models" name="test_extract_cover_url_basic" time="0.000" /><testcase classname="tests.test_fetch_top_models" name="test_extract_cover_url_missing" time="0.000" /><testcase classname="tests.test_fetch_top_models" name="test_extract_downloads_various" time="0.000" /><testcase classname="tests.test_fetch_top_models" name="test_extract_model_info_likes_and_updated" time="0.000" /><testcase classname="tests.test_fetch_top_models" name="test_build_search_body_with_task" time="0.000" /><testcase classname="tests.test_fetch_top_models" name="test_extract_model_info_lastupdated" time="0.001" /><testcase classname="tests.test_fetch_top_models" name="test_extract_model_info_user_and_tags" time="0.000" /><testcase classname="tests.test_fetch_top_models" name="test_download_images_for_results_monkeypatch" time="0.002" /><testcase classname="tests.test_fetch_top_models" name="test_save_and_load_cache_roundtrip" time="0.001" /><testcase classname="tests.test_fetch_top_models" name="test_download_image_live" time="1.596" /><testcase classname="tests.test_filter" name="test_contains_lora" time="0.000" /><testcase classname="tests.test_filter" name="test_is_lora_candidate_by_aigc" time="0.000" /><testcase classname="tests.test_filter" name="test_process_models_skips_light_distill" time="0.001" /><testcase classname="tests.test_parser" name="test_extract_cover_url_basic" time="0.000" /><testcase classname="tests.test_parser" name="test_extract_downloads_various" time="0.000" /><testcase classname="tests.test_parser" name="test_parse_model_entry_basic" time="0.000" /><testcase classname="tests.test_ui_callbacks" name="test_on_gallery_select_with_valid_index" time="0.006" /><testcase classname="tests.test_ui_callbacks" name="test_on_gallery_select_with_invalid_index" time="0.000" /><testcase classname="tests.test_ui_callbacks" name="test_on_gallery_select_with_empty_models" time="0.000" /><testcase classname="tests.test_ui_callbacks" name="test_on_gallery_select_with_missing_index" time="0.000" /></testsuite></testsuites>